<?xml version="1.0" encoding="UTF-8"?>
<!-- Generated by org.testng.reporters.JUnitXMLReporter -->
<testsuite hostname="DESKTOP-11R3298" ignored="2" name="Amazon.ae WebSite Test Cases" tests="2" failures="0" timestamp="13 Mar 2020 21:00:26 GMT" time="35.252" errors="0">
  <testcase name="homePageTitleTest" time="0.052" classname="com.amazon.ae.testcases.HomePageTest"/>
  <testcase name="verifyBestSellersLinkTest" time="1.389" classname="com.amazon.ae.testcases.HomePageTest"/>
  <testcase name="verifySearchByText" time="0.0" classname="com.amazon.ae.testcases.HomePageTest">
    <ignored/>
  </testcase> <!-- verifySearchByText -->
  <testcase name="validateUserNameTextTest" time="0.0" classname="com.amazon.ae.testcases.HomePageTest">
    <ignored/>
  </testcase> <!-- validateUserNameTextTest -->
</testsuite> <!-- Amazon.ae WebSite Test Cases -->
