<?xml version="1.0" encoding="UTF-8"?>
<testng-results skipped="0" failed="0" ignored="2" total="4" passed="2">
  <reporter-output>
  </reporter-output>
  <suite name="Amazon.ae Test Suite" duration-ms="35252" started-at="2020-03-13T20:59:50Z" finished-at="2020-03-13T21:00:25Z">
    <groups>
    </groups>
    <test name="Amazon.ae WebSite Test Cases" duration-ms="35252" started-at="2020-03-13T20:59:50Z" finished-at="2020-03-13T21:00:25Z">
      <class name="com.amazon.ae.testcases.HomePageTest">
        <test-method status="PASS" signature="setup()[pri:0, instance:com.amazon.ae.testcases.HomePageTest@754ba872]" name="setup" is-config="true" duration-ms="16508" started-at="2020-03-13T20:59:50Z" finished-at="2020-03-13T21:00:07Z">
          <reporter-output>
          </reporter-output>
        </test-method> <!-- setup -->
        <test-method status="PASS" signature="homePageTitleTest()[pri:0, instance:com.amazon.ae.testcases.HomePageTest@754ba872]" name="homePageTitleTest" duration-ms="52" started-at="2020-03-13T21:00:07Z" finished-at="2020-03-13T21:00:07Z">
          <reporter-output>
          </reporter-output>
        </test-method> <!-- homePageTitleTest -->
        <test-method status="PASS" signature="tearDown()[pri:0, instance:com.amazon.ae.testcases.HomePageTest@754ba872]" name="tearDown" is-config="true" duration-ms="651" started-at="2020-03-13T21:00:07Z" finished-at="2020-03-13T21:00:07Z">
          <reporter-output>
          </reporter-output>
        </test-method> <!-- tearDown -->
        <test-method status="PASS" signature="setup()[pri:0, instance:com.amazon.ae.testcases.HomePageTest@754ba872]" name="setup" is-config="true" duration-ms="15985" started-at="2020-03-13T21:00:07Z" finished-at="2020-03-13T21:00:23Z">
          <reporter-output>
          </reporter-output>
        </test-method> <!-- setup -->
        <test-method status="PASS" signature="verifyBestSellersLinkTest()[pri:0, instance:com.amazon.ae.testcases.HomePageTest@754ba872]" name="verifyBestSellersLinkTest" duration-ms="1389" started-at="2020-03-13T21:00:23Z" finished-at="2020-03-13T21:00:25Z">
          <reporter-output>
          </reporter-output>
        </test-method> <!-- verifyBestSellersLinkTest -->
        <test-method status="PASS" signature="tearDown()[pri:0, instance:com.amazon.ae.testcases.HomePageTest@754ba872]" name="tearDown" is-config="true" duration-ms="640" started-at="2020-03-13T21:00:25Z" finished-at="2020-03-13T21:00:25Z">
          <reporter-output>
          </reporter-output>
        </test-method> <!-- tearDown -->
      </class> <!-- com.amazon.ae.testcases.HomePageTest -->
    </test> <!-- Amazon.ae WebSite Test Cases -->
  </suite> <!-- Amazon.ae Test Suite -->
</testng-results>
